TN:
SF:src\constants\routes.js
FN:13,(anonymous_0)
FNF:1
FNH:1
FNDA:54,(anonymous_0)
DA:6,6
DA:13,6
DA:14,54
DA:16,14
DA:18,20
DA:20,7
DA:22,12
DA:24,1
LF:8
LH:8
BRDA:14,0,0,14
BRDA:14,0,1,20
BRDA:14,0,2,7
BRDA:14,0,3,12
BRDA:14,0,4,1
BRF:5
BRH:5
end_of_record
TN:
SF:src\constants\usersTest.js
FNF:0
FNH:0
LF:0
LH:0
BRF:0
BRH:0
end_of_record
TN:
SF:src\containers\Bills.js
FN:6,(anonymous_0)
FN:13,(anonymous_1)
FN:14,(anonymous_2)
FN:19,(anonymous_3)
FN:23,(anonymous_4)
FN:30,(anonymous_5)
FN:35,(anonymous_6)
FN:38,(anonymous_7)
FNF:8
FNH:8
FNDA:17,(anonymous_0)
FNDA:28,(anonymous_1)
FNDA:4,(anonymous_2)
FNDA:3,(anonymous_3)
FNDA:8,(anonymous_4)
FNDA:10,(anonymous_5)
FNDA:6,(anonymous_6)
FNDA:24,(anonymous_7)
DA:7,17
DA:8,17
DA:9,17
DA:10,17
DA:11,17
DA:12,17
DA:13,17
DA:14,28
DA:16,17
DA:19,17
DA:20,3
DA:23,17
DA:24,8
DA:25,8
DA:26,8
DA:27,8
DA:30,17
DA:31,10
DA:32,10
DA:36,6
DA:39,24
DA:40,24
DA:49,0
DA:57,6
LF:24
LH:23
BRDA:11,0,0,8
BRDA:11,0,1,9
BRDA:13,1,0,17
BRDA:13,1,1,0
BRDA:31,2,0,10
BRDA:31,2,1,0
BRF:6
BRH:4
end_of_record
TN:
SF:src\containers\Dashboard.js
FN:8,(anonymous_0)
FN:10,(anonymous_1)
FN:30,(anonymous_2)
FN:55,(anonymous_3)
FN:56,(anonymous_4)
FN:59,(anonymous_5)
FN:71,(anonymous_6)
FN:75,(anonymous_7)
FN:76,(anonymous_8)
FN:77,(anonymous_9)
FN:81,(anonymous_10)
FN:88,(anonymous_11)
FN:92,(anonymous_12)
FN:117,(anonymous_13)
FN:118,(anonymous_14)
FN:121,(anonymous_15)
FN:131,(anonymous_16)
FN:141,(anonymous_17)
FN:156,(anonymous_18)
FN:157,(anonymous_19)
FN:164,(anonymous_20)
FN:169,(anonymous_21)
FN:171,(anonymous_22)
FN:179,(anonymous_23)
FNF:24
FNH:19
FNDA:44,(anonymous_0)
FNDA:104,(anonymous_1)
FNDA:6,(anonymous_2)
FNDA:6,(anonymous_3)
FNDA:6,(anonymous_4)
FNDA:5,(anonymous_5)
FNDA:14,(anonymous_6)
FNDA:0,(anonymous_7)
FNDA:0,(anonymous_8)
FNDA:0,(anonymous_9)
FNDA:1,(anonymous_10)
FNDA:3,(anonymous_11)
FNDA:8,(anonymous_12)
FNDA:0,(anonymous_13)
FNDA:0,(anonymous_14)
FNDA:1,(anonymous_15)
FNDA:1,(anonymous_16)
FNDA:5,(anonymous_17)
FNDA:20,(anonymous_18)
FNDA:3,(anonymous_19)
FNDA:5,(anonymous_20)
FNDA:3,(anonymous_21)
FNDA:12,(anonymous_22)
FNDA:2,(anonymous_23)
DA:8,6
DA:9,44
DA:14,104
DA:15,104
DA:26,104
DA:30,6
DA:31,6
DA:32,6
DA:34,6
DA:37,6
DA:55,6
DA:56,6
DA:59,6
DA:60,5
DA:62,3
DA:64,1
DA:66,1
DA:72,14
DA:73,14
DA:74,14
DA:75,14
DA:76,14
DA:77,14
DA:78,14
DA:81,14
DA:82,1
DA:83,1
DA:84,1
DA:85,1
DA:89,3
DA:90,3
DA:91,3
DA:92,2
DA:93,8
DA:95,2
DA:96,2
DA:97,2
DA:98,2
DA:101,1
DA:102,1
DA:103,1
DA:104,1
DA:107,3
DA:108,1
DA:110,1
DA:116,3
DA:117,3
DA:118,3
DA:121,14
DA:122,1
DA:127,1
DA:128,1
DA:131,14
DA:132,1
DA:137,1
DA:138,1
DA:142,5
DA:143,5
DA:144,5
DA:145,5
DA:146,5
DA:148,5
DA:150,0
DA:151,0
DA:153,0
DA:156,5
DA:157,20
DA:160,5
DA:164,14
DA:165,5
DA:166,5
DA:170,3
DA:171,12
DA:177,3
DA:180,2
LF:75
LH:72
BRDA:9,0,0,26
BRDA:9,0,1,18
BRDA:9,1,0,44
BRDA:9,1,1,26
BRDA:14,2,0,104
BRDA:14,2,1,0
BRDA:32,3,0,0
BRDA:32,3,1,6
BRDA:34,4,0,0
BRDA:34,4,1,6
BRDA:56,5,0,5
BRDA:56,5,1,1
BRDA:56,6,0,6
BRDA:56,6,1,6
BRDA:60,7,0,3
BRDA:60,7,1,1
BRDA:60,7,2,1
BRDA:85,8,0,0
BRDA:85,8,1,1
BRDA:89,9,0,2
BRDA:89,9,1,1
BRDA:89,10,0,3
BRDA:89,10,1,3
BRDA:90,11,0,2
BRDA:90,11,1,1
BRDA:90,12,0,3
BRDA:90,12,1,1
BRDA:91,13,0,2
BRDA:91,13,1,1
BRDA:107,14,0,1
BRDA:107,14,1,2
BRDA:142,15,0,5
BRDA:142,15,1,0
BRDA:142,16,0,5
BRDA:142,16,1,2
BRDA:143,17,0,5
BRDA:143,17,1,0
BRDA:143,18,0,5
BRDA:143,18,1,2
BRDA:144,19,0,5
BRDA:144,19,1,0
BRDA:165,20,0,5
BRDA:165,20,1,0
BRF:43
BRH:35
end_of_record
TN:
SF:src\containers\Login.js
FN:7,(anonymous_0)
FN:18,(anonymous_1)
FN:29,(anonymous_2)
FN:31,(anonymous_3)
FN:42,(anonymous_4)
FN:53,(anonymous_5)
FN:55,(anonymous_6)
FNF:7
FNH:5
FNDA:5,(anonymous_0)
FNDA:2,(anonymous_1)
FNDA:0,(anonymous_2)
FNDA:2,(anonymous_3)
FNDA:2,(anonymous_4)
FNDA:0,(anonymous_5)
FNDA:2,(anonymous_6)
DA:3,4
DA:8,5
DA:9,5
DA:10,5
DA:11,5
DA:12,5
DA:13,5
DA:14,5
DA:15,5
DA:16,5
DA:18,5
DA:19,2
DA:20,2
DA:26,2
DA:27,2
DA:29,0
DA:32,2
DA:33,2
DA:34,2
DA:35,2
DA:42,5
DA:43,2
DA:44,2
DA:50,2
DA:51,2
DA:53,0
DA:56,2
DA:57,2
DA:58,2
DA:59,2
LF:30
LH:28
BRF:0
BRH:0
end_of_record
TN:
SF:src\containers\Logout.js
FN:4,(anonymous_0)
FN:11,(anonymous_1)
FNF:2
FNH:2
FNDA:37,(anonymous_0)
FNDA:2,(anonymous_1)
DA:5,37
DA:6,37
DA:7,37
DA:8,37
DA:11,37
DA:12,2
DA:13,2
LF:7
LH:7
BRF:0
BRH:0
end_of_record
TN:
SF:src\containers\NewBill.js
FN:5,(anonymous_0)
FN:20,(anonymous_1)
FN:52,(anonymous_2)
FN:57,(anonymous_3)
FN:63,(anonymous_4)
FNF:5
FNH:4
FNDA:5,(anonymous_0)
FNDA:2,(anonymous_1)
FNDA:2,(anonymous_2)
FNDA:0,(anonymous_3)
FNDA:2,(anonymous_4)
DA:6,5
DA:7,5
DA:8,5
DA:9,5
DA:10,5
DA:11,5
DA:12,5
DA:13,5
DA:14,5
DA:15,5
DA:16,5
DA:20,5
DA:21,2
DA:22,2
DA:23,2
DA:24,2
DA:28,2
DA:29,2
DA:30,2
DA:31,2
DA:35,2
DA:36,2
DA:37,0
DA:38,0
DA:44,2
DA:53,2
DA:54,2
DA:55,2
DA:56,2
DA:57,0
DA:63,5
DA:64,2
DA:65,2
DA:66,2
DA:67,2
DA:80,2
DA:81,2
LF:37
LH:34
BRDA:36,0,0,0
BRDA:36,0,1,2
BRDA:74,1,0,2
BRDA:74,1,1,2
BRF:4
BRH:3
end_of_record
TN:
SF:src\views\Actions.js
FN:4,(anonymous_0)
FNF:1
FNH:1
FNDA:30,(anonymous_0)
DA:5,30
LF:1
LH:1
BRF:0
BRH:0
end_of_record
TN:
SF:src\views\BillsUI.js
FN:8,(anonymous_0)
FN:26,(anonymous_1)
FN:29,(anonymous_2)
FN:30,(anonymous_3)
FN:36,(anonymous_4)
FN:38,(anonymous_5)
FNF:6
FNH:6
FNDA:28,(anonymous_0)
FNDA:14,(anonymous_1)
FNDA:39,(anonymous_2)
FNDA:28,(anonymous_3)
FNDA:29,(anonymous_4)
FNDA:14,(anonymous_5)
DA:8,6
DA:9,28
DA:10,28
DA:26,6
DA:27,14
DA:28,14
DA:29,39
DA:30,28
DA:38,29
DA:55,29
DA:56,9
DA:57,20
DA:58,6
DA:61,14
LF:14
LH:14
BRDA:28,0,0,7
BRDA:28,0,1,7
BRDA:28,1,0,14
BRDA:28,1,1,8
BRDA:29,2,0,21
BRDA:29,2,1,18
BRDA:55,3,0,9
BRDA:55,3,1,20
BRDA:57,4,0,6
BRDA:57,4,1,14
BRF:10
BRH:10
end_of_record
TN:
SF:src\views\DashboardFormUI.js
FN:7,(anonymous_0)
FN:24,(anonymous_1)
FNF:2
FNH:2
FNDA:10,(anonymous_0)
FNDA:10,(anonymous_1)
DA:7,10
DA:26,10
LF:2
LH:2
BRDA:79,0,0,7
BRDA:79,0,1,3
BRDA:92,1,0,7
BRDA:92,1,1,3
BRF:4
BRH:4
end_of_record
TN:
SF:src\views\DashboardUI.js
FN:8,(anonymous_0)
FNF:1
FNH:1
FNDA:21,(anonymous_0)
DA:10,21
DA:11,6
DA:12,15
DA:13,3
DA:16,12
LF:5
LH:5
BRDA:10,0,0,6
BRDA:10,0,1,15
BRDA:12,1,0,3
BRDA:12,1,1,12
BRDA:22,2,0,12
BRDA:22,2,1,7
BRDA:29,3,0,12
BRDA:29,3,1,7
BRDA:36,4,0,12
BRDA:36,4,1,7
BRF:10
BRH:10
end_of_record
TN:
SF:src\views\ErrorPage.js
FN:3,(anonymous_0)
FNF:1
FNH:1
FNDA:11,(anonymous_0)
DA:4,11
LF:1
LH:1
BRDA:12,0,0,10
BRDA:12,0,1,1
BRF:2
BRH:2
end_of_record
TN:
SF:src\views\LoadingPage.js
FN:3,(anonymous_0)
FNF:1
FNH:1
FNDA:16,(anonymous_0)
DA:5,16
LF:1
LH:1
BRF:0
BRH:0
end_of_record
TN:
SF:src\views\LoginUI.js
FN:2,(anonymous_0)
FNF:1
FNH:1
FNDA:21,(anonymous_0)
DA:4,21
LF:1
LH:1
BRF:0
BRH:0
end_of_record
TN:
SF:src\views\NewBillUI.js
FN:3,(anonymous_0)
FNF:1
FNH:1
FNDA:9,(anonymous_0)
DA:5,9
LF:1
LH:1
BRF:0
BRH:0
end_of_record
TN:
SF:src\views\VerticalLayout.js
FN:5,(anonymous_0)
FNF:1
FNH:1
FNDA:63,(anonymous_0)
DA:7,63
DA:8,63
DA:9,51
DA:11,63
DA:12,35
DA:29,28
LF:6
LH:6
BRDA:8,0,0,51
BRDA:8,0,1,12
BRDA:11,1,0,35
BRDA:11,1,1,28
BRDA:11,2,0,63
BRDA:11,2,1,51
BRF:6
BRH:6
end_of_record
